<?xml version="1.0" encoding="UTF-8"?>
<!-- Generated by org.testng.reporters.JUnitReportReporter -->
<testsuite hostname="pratik-thinkpad-e15-gen-4" failures="0" tests="1" name="creditfair_webiste_maven.creditfair_webiste_maven.AppTest" time="0.008" errors="0" timestamp="2023-10-26T15:28:12 IST" skipped="0">
  <testcase classname="creditfair_webiste_maven.creditfair_webiste_maven.AppTest" name="shouldAnswerWithTrue" time="0.008"/>
  <system-out/>
</testsuite> <!-- creditfair_webiste_maven.creditfair_webiste_maven.AppTest -->
